81916610527 3887
74722717460 3011
81087402521 3952
74703405714 4868
38821931202 836
34751483013 635
43512274855 1068
65466474564 2503
995651669 7
38888851398 793
10997261856 79
35453978146 667
47163776487 1149
24800165971 356
44941745080 1019
41852065895 918
45512227385 1061
64611062014 2277
10934192456 70
8901616407 51
17795347767 203
68630375925 2709
71040333780 2724
55651077925 1766
55259648404 1600
43310256913 914
23777450412 292
21797372673 250
26852603242 358
48057278153 1215
40379069209 854
79516435817 3353
26721941233 397
36891851434 804
62738524774 2093
19899555578 231
36034037493 728
82164785790 4295
38345157454 783
21585840429 257
70631466761 2706
42355755053 1021
60208234890 1894
4985955341 12
53148793757 1479
47168698989 1262
84705464787 3929
15616975208 145
15872953704 125
27425183294 426
82712987446 4040
79599205271 4783
20867342767 216
74621217625 3086
51451062459 1368
76970186152 3388
72144279640 4941
80020188196 4732
2996383554 18
30576413860 444
45688408794 1147
70887770610 2723
75401280354 3144
72899760206 3016
38369890680 845
42586488038 1032
26240983392 395
51958829719 1424
69823739182 2599
73300499459 3077
84711024248 4202
61490922143 1987
11639402198 91
66002639448 2463
8970031487 80
23813489400 310
10964676183 69
14844952431 81
55913316461 1671
57442059873 1758
76806853245 3390
47985662651 1253
8947959313 55
73070361743 2828
80999122630 3599
78914860153 3942
62285353595 2204
36675390653 726
39949737780 810
56554302201 1632
23981296524 325
81179069371 3846
58147374317 4940
19873209202 220
70675677563 4859
29806191825 455
52215961133 1432
3961025674 18
70726885711 2582
77025564083 4742
43880453542 976
47281890591 1222
6991218834 21
54135277756 1600
1996564347 17
24490761366 337
29806706385 462
44404200152 1011
71635594742 2778
64203534811 2232
994924542 6
39842246290 830
3943082026 12
11597859150 86
73844057053 2922
66235517114 2492
78993429339 3500
72759030591 2754
79378475778 3725
54270357808 1535
38223422022 784
3967988818 12
32980282930 562
33504535705 597
4971726175 9
62319424930 2031
37430228509 719
23904722659 318
995280939 9
22774850434 276
53865551609 1495
76412793031 3245
32611317384 618
73331100754 4664
85880716183 4543
43647525787 988
23586081108 284
57164625800 1793
9816744247 76
83372914062 4664
64339692596 4933
49104435307 1285
42277603148 974
21683365693 295
74904091411 3004
14541348804 142
58500439569 1908
75751257416 3130
24673817416 269
43821279638 1004
1985881956 9
43919905702 1033
80135318728 4550
76895218403 3191
49787649274 1356
3999020658 18
81594544679 4030
57943046251 1772
81255026421 3906
71561059840 2687
76100877527 3090
18996368779 201
9998337855 72
50205478697 1331
53527649085 1540
50208273557 1342
19949192090 225
68207712806 2422
38666258234 782
12967678767 88
19629540506 219
71919236274 2772
24347269369 328
24578550090 321
43129020342 1017
49569522386 1231
5988601453 21
15964739720 142
23754810390 308
54159927661 1554
1934366227 11
42910759450 988
34656096370 670
81272066255 4165
9951628575 76
33514609536 605
24796038614 313
30681197031 525
74346060024 2947
47988234638 1220
37051518197 758
72188543053 3147
23388142928 299
79099043206 4095
35917608154 669
47281920088 1191
70228877296 2625
14790043320 122
4931613041 13
21566597397 242
34539485255 618
45355048089 1098
14733138575 85
78052677212 3348
28297150159 435
8981316046 46
28974279080 473
41548780651 1005
63107535578 2145
53208077720 1539
60716994162 4954
77600773580 3471
70124671512 2621
54560710828 1581
70744482178 2651
75111086951 3116
67107771125 2389
18349811093 225
49089985883 1267
63127051422 2043
15943391368 136
23928739980 289
3961656722 28
17504299179 178
27722725405 406
47118275794 5050
11940140838 91
23886551436 301
69941268894 2725
45054119080 1093
6947914650 22
48716126643 1313
76005161324 4867
71794027436 2786
72882150587 3020
19921228570 218
39782286564 793
22875377919 271
8973957213 55
68171645950 2451
75363775204 3181
31521548831 549
36108271982 700
29966278550 472
52701917333 1501
27665096718 381
81771563738 4359
84045120658 4338
80341585388 3748
2903983830 15
51491428113 1392
32949444450 528
66078638772 2481
61155332896 1946
53775573157 1519
51812441889 1476
79511794682 3391
45340927971 1052
5993178597 28
81591672721 4205
74778601454 2991
59111990712 1880
68670163880 2531
75007548205 3230
77455567174 3267
65063704919 2307
66197819226 2253
28907681453 443
65527626598 2294
56337739875 1650
77538113403 3299
30596066005 497
4980714980 49
83768332852 4101
28676550691 425
42738218094 987
73602317354 4867
32253613109 553
64999844559 2426
79908819813 3504
79536280476 3562
81651151089 4598
62463182047 2183
55444222556 1581
36391620116 722
29138340975 452
73896738208 3039
68775785835 2722
7726682964 29
56394376101 1728
24842204092 336
59808257883 1860
45909031344 1081
38665830345 776
47371881496 1221
68157092732 2501
45880192793 1086
29301944489 454
84853987918 4373
75347074752 3073
70434060029 2840
11792749910 66
84818274413 4390
33719212979 579
39852760262 806
8889176445 57
82108142369 4368
2984225766 3
64281706064 2230
27263251430 416
83537044626 4455
17814792147 178
79146527466 3786
77537242874 3142
81934268603 3927
9889942007 41
84246152806 4098
13987393161 96
40892477096 870
990348644 5
79201285552 3821
58703029492 1754
50234186782 1396
48633835109 1369
34841507274 637
7847999908 29
11834334798 88
39100440612 777
43606031518 993
78224091448 3559
28860102447 444
75486680604 3088
43762875325 1052
12899115938 158
49671990085 1284
61050484031 2140
84010403916 4113
81603148857 4135
82117967939 4523
13921355912 89
9991570615 50
80241594719 3397
85399439564 3981
11908890534 98
2845944303 22
78130827051 3927
79263119941 3472
82565763780 4194
6934450964 24
1999349899 11
62120664424 1979
41333806040 928
53432309325 1496
11365224733 70
2902473604 15
78756833833 3322
81249552598 3734
65954482107 4939
8971033725 24
14945495014 109
60817192265 2015
77763037358 4728
33280249451 602
71477127418 2714
33021155395 589
37758826968 746
54660101126 1598
6659356166 26
80030186339 4783
68206562353 2584
8609288484 53
6960045984 23
67827501098 2483
23806206348 339
25375067439 343
42567162546 958
51334423642 1380
38499073039 782
37518395259 774
67801310021 2540
46211636956 1159
52657254108 1426
59555088672 2147
70618116882 2656
78682086408 4782
75810286243 3233
21641682179 237
62778673668 2179
12848550091 94
48981212806 1282
66343629979 4959
83698062657 4541
40749317640 856
9760649023 58
69723208335 2722
83161593856 4599
76744661236 3388
34943428137 619
47244090016 1174
31455035883 534
74567352716 3406
46929659653 1201
51849563957 1379
39146219210 831
56926809133 1793
81348473630 4346
73585068312 2923
50707478731 1310
79838054821 4019
81265495091 3470
29959783185 457
14732708510 104
52996454712 1503
76556757043 3389
32970677851 604
67291016159 2468
81928428826 4470
79969284358 4107
79574092699 3447
4859866704 30
26756649383 390
28255387307 422
58540255826 1787
32340359626 557
18474754818 192
57343295048 1761
18778513296 193
14971078676 135
80004172316 4589
56881436853 1865
80239940499 4478
23437459372 292
40763203053 888
54615294902 1600
4938166740 19
50017458075 1342
33676212707 603
78499001686 3240
6999960432 22
49851443759 1283
55869262807 1646
37992563733 721
33120605002 588
21729327085 236
9809525983 61
30077062962 508
70776183644 4848
77569261245 4736
81115915968 3736
15993934984 132
80932704484 4577
72634918276 2845
18834631521 196
2975601366 3
34817603584 663
62056490102 2076
13887959762 120
30798508368 495
38792328333 789
17681018224 179
44567030681 1023
43931744174 1036
2924719434 16
85261857293 4337
48329838042 1251
60548853847 2065
11857734246 83
3952641738 26
79251551413 4574
4988407779 14
63396174270 2152
32731107069 574
11684949206 81
85307794957 3939
83290014759 4294
18993768201 207
3929041034 25
65155775815 2423
52945092520 1504
82576091053 4285
53726468874 1542
65972247222 2321
70832710434 2773
75960807748 4736
76698879380 3431
5995727205 18
54230372097 1569
26265735643 382
71453867116 2928
61393761612 2050
74337994157 2938
42675765469 978
31150792520 525
39358442660 821
54755524252 1560
54872091426 1565
38964855065 771
14972590118 102
84816338441 4201
54585737147 1500
54592039894 1580
74894360693 2924
81355483496 4368
80244702155 3665
65076233356 2616
67967489987 2739
11785751326 86
74375373292 2968
27810447957 417
11791503446 84
81813189806 4440
33546113376 579
69625318595 4918
54823535156 1518
39511574212 806
65278050830 2281
74048235194 2956
60014373921 1901
84193310227 4042
82434287083 4205
83279611875 3889
72252360880 2758
62923857112 2066
39352325437 817
28389439751 417
5995088229 22
39386344380 843
32057121314 536
40539194497 882
79230960916 3494
66352849004 2380
35107115419 682
13971044073 118
54446722848 1638
82788646386 3925
44414952416 5050
74158159484 4865
46741669689 1182
77905244883 3317
55112703119 1596
82626376600 3912
85302903206 4275
85262170948 4450
69477420189 2502
68382054498 2495
83606879941 4152
50750744441 1426
982783004 0
13886656777 115
40352216102 866
81099070013 3710
31963521552 538
46768878279 5050
75106396433 3180
46549740210 1121
63048261772 2088
78520330187 4661
69097194625 2845
56720575779 1686
46671764430 1136
49683850747 1261
27982986302 394
62534647114 2092
80616725706 3373
27623146236 414
78935135374 3551
33886552715 596
52365773426 1421
20567711491 267
50803646610 1358
24855884977 378
66068283143 2423
77361222897 3141
62552667719 1973
48966952778 5050
55501806871 1673
73422523285 2950
78231202667 3936
40252882106 850
7885744804 36
73001011688 3033
30906611764 493
38524620981 773
75023589548 4746
53372258135 1635
58494102701 1821
47544513072 1253
2996233433 10
83414108694 4198
7863846476 29
68172146985 2721
70640601642 2679
76435993876 4292
21953925741 244
23662209087 355
13705979273 120
29691629866 484
75119667060 3093
24271036716 328
63401150628 2147
982858202 7
32813271141 540
55310096516 1719
28822710555 425
56618769443 1653
52276366337 1473
3942998162 33
34688152742 609
1960920707 14
13987041831 113
49969012475 1311
73836785380 2928
6959507156 29
57127484989 1716
23731014103 317
11820450350 85
63048981663 2127
85600578035 4399
35985202170 657
70206884554 2913
67077787121 2519
73235218776 3089
7961368788 36
18874806338 184
76252622087 3157
44967841752 1099
25434748711 369
42236666393 987
17870025403 191
43641533431 1008
78657087842 4764
77912920231 3336
58289955593 1842
36977144477 707
79856978232 4452
53718076956 1470
41335385640 864
61619509409 2057
82637893002 3824
49376906401 1328
73512092713 2956
21853501529 253
81742117047 4079
80752326013 3611
60472457699 4954
3944264906 43
26946559443 393
8984924436 48
84679984446 4204
27431187558 395
60725503065 1863
16690311454 156
41470801653 987
19766221650 182
15908673672 148
45775756203 1048
78074733806 3379
18491617950 204
80929170669 4539
55495187545 1700
31453406912 533
63814099433 2078
988019598 2
5996072853 65
80105783149 3598
69218869526 2633
53481636425 1559
76546198449 3725
66279719259 2322
81588997686 4551
56451815149 1676
57187562177 1727
58668469279 1881
73187633705 2873
81123375829 3847
31853974096 522
74256566276 3491
76593403540 3182
32831271865 579
59107058113 1907
11952349902 94
40692949455 914
66348963756 2346
3956746890 4
66896869682 2420
50850574954 1383
1990747395 11
58540600802 1934
56601607825 1648
19770707610 198
986985566 7
78204683410 3410
58718897868 1889
7766076708 31
58000256394 1782
60330253624 1886
70961529759 2977
41216837031 907
62627872960 2021
75181786501 3229
71631729568 2643
38363948070 782
80697316502 4227
55804946617 1625
69398333994 4962
62393573236 2035
6830048484 23
73621710445 4847
79542363830 3399
31972489285 481
65271011430 2233
62184024007 1960
82034724503 4762
15676399921 130
5843784213 35
18704467385 206
83941220006 3909
82320874840 4198
56952888092 1654
76906180864 3913
45584646841 1036
6936378199 26
66857932577 2346
67999569175 2548
69396337887 2642
57164882231 1713
66097068167 2273
36035729580 732
15581490312 157
1990418403 14
44161178675 1046
1948835211 11
67215787013 2773
82561109845 3807
81928691988 4572
19648324890 227
74134896458 3191
29540371383 462
80294949308 4741
27861461751 423
42641533333 913
63115330516 2078
11835037510 103
48861783078 1244
80487423793 3564
59539276051 1878
66531594733 2349
40901594394 843
43686470590 1003
66285180385 2291
80106440678 3664
85014734396 4462
63526217865 2119
41954705031 868
76557839755 3252
8988203032 70
75876052613 4863
1990766243 10
18891743989 181
57360281001 1771
9840127479 56
16736333157 168
81612998572 3828
30608524066 494
69243609552 2537
79599976803 4276
81425070875 3628
83973894549 4509
54921028777 1626
70497055818 2633
84307105168 3927
50336524026 1375
63485102797 2201
81439842771 4487
46734407489 1114
72831774887 2992
75521085649 4721
50489025051 1409
40692935892 899
30624366867 482
24920907569 331
21988616045 289
71632831698 2863
7930509476 25
64873415493 2247
60011799138 1896
62188690783 2012
85630228496 4362
43513711566 985
36630397621 726
7806649247 42
75681603618 4756
9990016255 62
80479769875 3662
8997391236 55
43448167974 1001
67189704913 2459
73134353962 2985
67988119656 2439
43761369873 1050
68467851087 2467
75864530439 3076
57924816467 1781
38008119980 774
46064708642 1050
69229454647 2574
81151091392 3885
28900597593 477
9997383767 64
60461075740 1983
33183648879 621
22822216694 272
80177744880 3666
2962819373 19
30237159107 488
16756783967 183
3992285202 16
41175034072 928
30325082377 468
21890999277 267
58888216754 1936
12796966718 103
20663284691 225
49522347301 5050
35776846364 642
34125838679 618
76076676595 3330
77595658491 3243
78486913971 3324
1992895227 6
22836354117 320
12822332326 107
68285613818 2529
80639945210 4467
47752045688 1190
81747900740 3983
79138408773 4670
81778782375 4194
46121486003 1182
68847873134 2606
7889978836 79
52721488490 1685
14974836111 118
2980499067 18
72230233088 2855
69388088682 2698
69740609250 3077
60847187315 1952
74988825036 4744
50794484814 1344
38517192008 770
27673108294 431
79875965461 4651
7847829412 36
3953252298 16
19834172570 265
76790008198 3300
57363779061 1863
74717826229 3021
77907839235 3227
48602394033 1196
70428383296 2629
25788197351 364
4969246377 22
30602684626 487
82695814905 4433
991899848 4
17438009643 167
32698967257 568
47930698921 1248
42759078220 970
8712963548 61
56682420232 1882
2971911773 18
24427163423 322
53153725198 1454
50616774347 1404
32380828476 579
82924371322 4536
25935185927 342
14831094593 109
75284101266 3906
67513396618 2474
23637818220 311
35959312922 696
64370893061 2343
27979629805 455
40474401045 868
74348390053 2929
18976002464 186
9953796575 64
84598392602 4174
43895904483 1034
74009224437 3064
42031251353 951
52559315675 1439
64237146863 2149
16876561867 192
83325650798 4463
81766014319 4571
31060443571 509
71748610632 2737
16819696842 160
49353461570 1235
35740475340 727
1986882627 12
39503809052 899
22794046689 277
21633247277 255
29984030865 507
63871444455 2149
85126613885 4162
5983830117 27
37768912061 756
4939511180 34
66275947554 2326
26860751670 405
40870708918 901
66797613851 2343
68648291652 2445
21039722677 237
17964280875 134
81508938832 4568
75561697483 3326
85087552424 3817
29458330407 458
10794916076 56
20999865198 236
42956630148 1023
15971148536 119
29973602065 443
67283528539 2537
55390103052 1643
57902374206 1806
83019901722 4553
63944483494 2269
77849072194 3586
982542595 4
2940178912 17
71591193501 2701
81858236461 3778
2954659506 21
54167492970 1592
77998955179 3803
21985226941 285
20985480373 227
24821284330 362
39572452033 797
81078426424 3749
31583028768 513
44160982616 1023
80035320149 4289
9753097055 50
79638630852 3809
63558566371 2217
4945542334 24
39047941748 830
25733925919 361
75807666932 3157
61838767951 2056
53161678085 1458
82067449199 4010
56383169027 1625
24729941127 397
80385709701 3819
3933628338 28
50373909657 1341
15553654920 141
81457911384 3856
71466436897 2908
20938541845 224
80257328694 3839
53209000253 1515
82231774086 4480
47548782472 1203
58481656063 2038
32994808097 609
51365782175 1389
36869117508 703
27602637854 401
78741841134 4459
60436744568 2031
66629321675 2503
24453677624 326
80407007988 3772
47021219089 1179
23381175988 317
46566491008 1163
70255039034 2566
74708823689 3033
76262537744 4548
72000298926 2827
58930290347 1826
78397937248 3788
3978489290 20
36052537015 690
38657812679 747
34758520148 660
79043022706 3496
61421847285 2042
630126562853 200083
923856686405 438529
826625428274 345743
73885287383 2799
734647155513 271982
836894851346 356592
620225812024 194289
939293401060 458454
299902340574 45202
823193199762 341494
708598228977 251881
457193309915 106117
799865363283 322856
355886560398 63450
164589264694 13625
385617459259 74676
296376554056 44157
747665466385 281355
716862767864 258775
278974819252 38995
902510520299 414635
201574224255 20489
496405725648 123803
25996409543 396
136965222050 9385
138851426743 9751
216670550765 23630
148731708483 11113
72989811938 2726
63953737632 2089
186664543012 17616
342912821340 59417
915096336565 430062
814067400097 338201
899528231103 417168
411367250098 85008
582906284610 171578
764000394738 296006
412532344818 85460
640338306885 205743
877016564315 394717
508213580446 129698
212781530704 22884
422725691888 90089
810978334700 331790
802631739827 325979
275554230717 38131
88946578698 4000
472583185404 113051
391201157347 76976
769186147158 297447
917033968009 442254
708242503199 255304
214935468900 23363
826983412668 350764
154941763587 12138
110927056147 6208
702673651911 249495
902971876355 415388
307916319682 47750
409519196871 84303
870872610750 384315
887424734219 402733
63890819104 2048
685578529728 236487
477474467441 114462
71958958196 2719
788775833744 314807
924644583751 449796
43954446774 1002
480738608937 115862
907002627140 422697
813998202020 334136
618648622264 193734
368724783860 68545
514889721805 133786
616387642657 191183
601793119496 182281
850011586457 365176
719735296272 260333
760405184416 290624
724941630624 265317
220599749334 24451
68964004100 2453
546472739494 149745
179951540618 16204
757435896746 289128
52921958338 1476
749432938814 284011
89973936711 4074
885466955312 493503
754494177638 286419
659809051976 218670
404861985813 82336
627279613872 198705
848702734296 365811
705421016630 250155
675596158309 229056
2999347205 28
651878179772 214793
9686096186442 47234573
8422611710077 35536475
4020207484037 8086735
4092684110105 8378769
3398902755847 5778464
3172251008795 5035184
3441940364059 5925508
6942327298788 24112992
5615693978603 15777995
6452897805135 20842899
183234775698119 26246509642
164360707403314 21155670595
183167837582005 26724443613
6151670887765489 18469845406732
6869028804559877 23860375657465
6393576540502923 20643631351339
6800006361636743 24130961905342
7016044339449586 25230798187198
6787359867311701 23380570309416
60813471028957 1855776691
88095151645440 3894779416
88729151245792 3951652016
60619526237103 1843973978
86997578523702 3798565805
76010547063113 2899293467
75256809145900 2842012973
82138275366685 3385700275
75591171021837 2867328509
73831015322633 2735373909
85680799090426 3684037985
85017365938650 3627176134
59978901473533 1805311131
66387368773332 2211622353
60347049136269 1827433108
83206297957530 3474401855
68563964883332 2359056755
67386951317459 2278700879
76350502879001 2925319063
80938949326315 3287590298
72437173845479 2633240729
61388811137359 1891031533
69982761422844 2457670573
85392192472864 3659612328
69015135571740 2390204687
70079307228362 2464404362
63621081869721 2031107972
65625500649732 2161101834
85027166537541 3628367318
81966071216697 3371969897
81179241628617 3307161255
70023506149895 2460545704
87106589204856 3808072695
69702582364131 2438007153
85392624859204 3659271463
88186292928596 3902730905
62323418651606 1949157625
62072264294851 1933521166
65675189389487 2164524346
70218988833689 2474318131
72615476232979 2646100441
65396860155312 2146075282
71055565415819 2533617240
87734379314016 3863334225
71815406015428 2588074853
72823235203352 2661179288
83438551854187 3493768463
79523910459676 3173776185
70879235241631 2521247124
64663536652964 2098254396
62903381425060 1985534877
80737743136739 3271150997
66519173109491 2220344504
68115956065192 2328244544
69299375305347 2409883175
77755496989885 3034007961
73606086432279 2718976473
87661365515584 3856307784
80486662621374 3250881550
65230144581389 2135210711
88730359310354 3951648787
65166125963350 2131033797
83981680668219 3539390195
78777595683531 3114144167
88371642507979 3919447331
64175742666721 2066695800
74254979781945 2766824295
89227799590408 3995867501
86141551015593 3724059956
63261710867739 2008227206
81377177664574 3323283120
73847695345227 2736709729
69974799883099 2457180002
67928994305100 2315570477
72166154882922 2613460809
77941236210855 3048438810
72380859557310 2629031992
64717297569083 2101755546
79453274712033 3167881259
65270944432720 2138087102
88929368441861 3968825454
61266788904929 1883539340
