866617570
1076096755
153301130
70717868
505208582
157901225
643319031
657006165
506092196
600329904
759297531
1061597646
235866456
221548173
722782579
551183347
498409679
205912276
936804416
568410862
288598662
138413716
768211622
885831237
302850807
436364794
318438713
312888138
198168780
514506463
529759024
339384650
396493800
648820134
357583456
863578439
527425141
440649217
778789824
432675570
832274747
470416861
782891724
787207224
590727639
364542485
1056469101
415681644
747697357
925128102
330987247
308822767
162755224
540987729
747472080
1465377066
821653492
627332507
530704978
492033080
329495656
315262888
208925884
18263324
448871100
168842972
877283702
1065558987
1119032514
858237882
99076397
353056559
592912245
1037515242
457239498
110671609
129084025
559526510
656982807
217724358
703057279
672273068
700472989
481105571
465466790
118871171
608372213
364508144
190825864
130746750
406179392
426464931
730368900
464580605
1041836150
617317964
1154712061
262815647
513168827
760128044
465916880
478567138
589734944
614696423
461848040
469474782
1289217946
489609534
394234126
1021776193
577559610
1595097479
505049805
577714537
532792163
296644733
119180193
746363288
536540245
441053584
290436182
481384482
480743579
396917461
247225720
410306426
692216540
167560087
879172822
1103088725
422506813
872922974
536577468
529990574
451076246
414980523
527071397
265772629
322497177
975810439
543113343
191060104
516221074
678407984
304843182
349574489
247133157
837683344
615690450
616889899
613834436
774503754
690467400
295720836
567234079
448854957
580920835
547584404
630610698
859785869
120615180
479346963
1219451234
1310977695
676364871
121859702
82826943
647486765
484740647
301034916
583817939
728152699
693515070
319316977
632915383
590016806
622846370
712565955
649304513
665915686
532012381
305643475
163676279
327041958
1062439557
160159239
1030145295
726132470
839019961
162084068
737105721
651047804
365608509
268526542
827568322
306460953
212489251
297573089
779423535
567329306
161850998
508519487
611318129
720286000
450139893
405531785
218722715
155137101
463549029
754552333
449498971
369382088
336242632
1000358972
221133333
745262344
657435773
898604720
762289597
94468021
221576916
532372281
469140608
894794242
641119415
971576360
639326737
783028625
674105486
267011191
615475334
379990886
482949599
413924948
267597512
665923888
477337316
845342915
406877544
1002972062
218905751
386493398
417735085
799357449
901884536
468224457
251628469
274494544
375698886
547456167
309869624
599707733
749694208
152627992
486191317
696045154
670848402
339699424
938833193
733657902
121637429
540858811
391215872
687103329
310731372
706193699
377946460
181664407
963667681
290204428
572713075
392148254
486977846
167035113
665258436
630622332
44247136
764331691
784056942
746248368
630042051
978997947
690010121
386293251
871600842
519358056
666943544
781152267
725023819
432992812
631093344
938613278
607894289
92492946
272116770
627896848
350045763
409887302
112472914
608732805
459107346
962060499
322004494
761433519
485864466
760134408
275981584
777847493
681588778
846703080
512092411
563964217
145058571
627110639
841401370
612226861
536995341
1030704457
1127637482
803329666
413328825
396551498
548661533
50622696
145503804
1146101858
526782290
38943800
426159735
604605774
286121087
604202017
746045010
801620005
658853759
139817709
701860242
596919861
191049393
639733757
296061042
427480617
20747089
562912347
618422158
706302815
314544483
1019785884
482110683
229475004
816340139
294961001
1028069996
190841518
526130372
663339356
996586620
631942019
598826883
487655489
425903798
599982221
907663088
417932187
636877958
540988105
371667987
422787443
680716068
525016415
313446932
643871782
993192086
296757992
353450420
584152377
514005529
779170588
514162865
968514595
422736187
421483037
221742262
1033684617
450282728
282761140
477863476
360368312
764450934
112539419
1018298548
274307133
636647727
568319344
501857675
1268183252
863144052
552750318
514094416
681539557
626924093
675861280
720003318
175911215
578334826
330562481
715319736
422002968
1137348054
278061504
1352106558
661240498
346908056
435041945
436717606
366919455
526052661
320231559
395557331
583957272
289575144
583828973
848864630
497699816
362901755
1038415968
827966567
439023955
615950176
801307657
490359045
38604202
214452727
474440620
200581072
50901528
735433915
187126507
481844662
465922114
242802986
363532916
328704500
683559188
483732008
723141619
275400594
333877934
98679414
603083464
426223132
587918559
430744403
668762627
679391800
487257256
370709052
589563135
439727813
663622178
723828607
194626732
229111899
628419506
114358966
343848095
382590482
799074053
621610469
709140056
651824625
405136077
584962081
173427280
786881302
853993679
907193546
957835040
1332724417
159311934
139299690
903441996
301971630
564091129
589839505
1002795436
656306607
386694071
559982184
533796379
666888499
353775905
592753201
269222182
394223153
523441527
685355214
710839526
783872903
888801353
172123769
528603945
711303832
834580820
988638784
628215560
109376212
1244466337
427137056
579775703
218425790
422326688
791648555
199493647
1005105819
1084885601
317452953
178948544
815896713
849132055
349409706
146666466
628871713
677885582
847297191
176080691
433930587
471063991
649850959
890791949
358894237
157164720
492047084
792745321
494431195
706143843
512684682
558391360
228945591
250656601
981132608
489784482
576306945
240462655
174926632
937139865
466703217
731929603
331617731
683982880
356607238
900595250
164305704
588724491
1023123600
450998645
1019378741
267441641
1135491454
332951587
836602129
519925834
487835097
657543009
518513368
714374479
1164449574
708697571
331458619
686841888
86421044
123083373
399354400
444553275
47029764
705589924
520210880
770442527
606032687
409839066
912838769
436604945
219758647
827129590
619158323
852126433
507234787
605150357
515429364
965842837
891652247
580114252
332706995
345986012
839091604
697657417
163654251
271190489
397804558
556301968
929311010
813175908
666024589
654659008
485580637
728065971
185753288
559994544
475544186
600352732
649476811
515790670
738110295
695288134
1001126962
154089452
748337655
469500766
614720269
1175111495
403614651
530410100
489998409
611516898
758770134
790641508
652118078
266150359
347889200
414760003
180747532
643806091
610681699
865673935
543242133
806190365
335908749
162423088
547215637
482951503
907592202
388265518
657507991
616782707
948565978
522056493
460475597
535747952
663872996
321101677
336504367
244206241
286824773
1036624877
789280546
984878399
613233280
302118101
1077944382
366833860
269722030
351688696
338446751
1114232664
1715521305
586707252
643352618
448845888
487203729
445501953
908168740
175970238
242643164
847531094
92798150
429679910
334566862
592369407
998157656
184773166
813114122
641864351
491628954
889832773
1292238004
773096251
608461114
790251439
409667115
768505738
573631649
512401854
223579656
687909691
359204796
960342368
131980995
305764513
555758797
419514228
612128649
397414522
659257782
529239571
611119027
878145526
949813143
819350522
941309239
879028144
523749257
484511837
1108859585
216002284
782925804
512421674
698537691
853721275
320698120
479957304
466385330
818019134
702659136
181107201
236566787
433427026
695826790
599859401
455841280
179505624
685096748
371953960
574053408
239880811
230773134
401243534
517124559
598072057
659834462
829129918
413647968
1391917941
477900119
427890163
339268756
1097802877
909858730
665679792
157564330
932898372
1056549148
848223313
269110085
347009171
428606982
623501930
755787021
482800484
547514004
606195664
272555339
231895762
840445718
249819894
496584413
345784321
400480455
414402103
997762882
693264568
941661773
385843979
480585866
399832174
243976291
297325340
293354716
245241809
551536890
695257200
438787513
407357095
708598714
333584379
816591104
284829406
762549344
44023709
572723089
655112304
518787380
859914950
498287585
328267541
689313184
216290561
396194784
473642672
139083110
165485926
279085370
292060801
594330159
352357001
183485831
522436940
494415357
776808171
658848539
412376129
790369875
273905202
330217045
591595349
606108258
504674379
993310643
1017068635
439407920
295159120
597016810
752567502
979844537
699756488
703323604
423244206
721525097
887479024
674082384
377417991
1070640375
272311913
598237966
360778561
485544184
481761107
524999603
652567905
372983798
341381652
850209638
671121064
666673593
1167148143
447371777
591242661
997186538
483592186
869698664
318702731
499353870
1147121220
260144834
613466988
522472698
607241827
1065264562
418768189
430782086
281586750
304938416
57147638
1187821524
441196180
315105766
326191905
448188494
85273685
554400114
577453550
773659192
490527751
326971376
265266553
334824482
208395617
412727973
548169486
408240225
275034131
600005545
513134104
464997660
191282196
503380745
437925336
486186714
337855421
541519369
732990288
544909607
750538227
636434135
521745806
717090339
455377659
108184194
435186119
273809155
371961073
554357259
333097820
1044494380
515619790
566615713
1015899444
1007648160
510868737
323097784
704179979
548993246
694747897
435786026
860000444
528525191
395733495
513523310
988928508
812959755
721229176
479182160
449095865
310325674
557665246
528141014
511353112
1217117295
714630165
883066550
964228266
828557914
658904875
290623603
657133116
734968738
638921968
459638287
538411086
414290525
514082413
43098194
629348671
414981622
847387070
629463855
459049851
78498159
194555703
651564928
728461490
637241002
932435961
592281052
893740595
508091340
431720553
569736499
657601946
298666022
524836470
391222081
626568561
321865344
731234303
461188880
243713866
274574370
580418955
644546527
329732833
1064670472
609367957
961597236
949075130
802880409
341790855
408875316
352685565
991181854
923747906
897363137
379331992
1241439914
418332073
416859635
1238236888
622313112
732777799
683359515
298952632
1074625033
447152488
623256277
634007803
625260379
225302328
776566545
462737388
188414268
33327085
135846850904
194567263250
67122593550
112539702777
290252887096
67789050529
110738245657
145130797669
154567275110
235300754487
159863142075
181186699037
233408404695
109545241961
213145398147
90954343688
204469881183
127053535000
168137352764
173168422342
151100830336
278072343638
164109925299
172009224777
401123648082
201760115786
121231924119
269533078776
106984183040
123745285852
274104645916
102887568115
98385131718
2893043372
274435246062
61274915935
236623884531
274113123505
147831942782
126323565872
114169944753
247903862404
126397345110
21503782200
255660738112
162853204003
53315023405
195050497124
309469111241
194756490773
53627566070
53049558696
54978658964
112761298277
200096596861
309791565485
226037373465
235573371351
185250494394
204113848718
100420446046
178303648979
62841494846
186409850266
124733863212
213804532048
98970333967
200627880060
44327356995
298463590485
104039805589
82415817669
310876394342
141376871296
373957951571
201578234540
198654742710
342190595085
132226184816
127383757616
323550016931
247933671193
218012193872
199712345482
184802703376
207889164256
116227375950
269563718404
226733203731
187424700118
128888640641
58339586429
171424405936
260793693806
133874111595
210153994441
189674208178
289226364633
146193477451
322560135930
138333
49424762
1136911970081
205772395077833
325511224938919
101975307020098
263351557671416
234799820100738
111828395850114
300275724682835
