74012350
485460189
68654921
22821963
702398949
944191
63683983
49851540
539751698
378185590
17649578
153086960
85518043
218934054
40886105
365498548
568650050
115493085
13675680
20327516
19299519
47328093
101160112
314233771
7506569
20797884
140632255
699457438
11257338
71975351
699154224
597663853
484087882
31761372
356063451
176136934
164681509
56869674
72963551
9115672
64250980
17302879
269055100
910862935
61803663
37734595
12178162
481507725
33977206
28393980
572747589
386092122
99479983
44008925
71148596
12676659
306883203
166136339
91732067
64674025
18343722
21506959
439155019
22358974
111297891
6597818
133568385
914568552
20366634
304541563
287221
9568986
334874914
326789282
350694880
37334743
230560055
47824329
9712739
19412940
198465464
77295846
72175672
49785444
387544596
11621123
205787703
167941467
20323005
520375439
18430078
389910993
31005572
37337423
167844023
35068437
95669534
765046629
451739796
39637460
496135390
55233044
136593227
38120519
50862792
1075034980
66335390
480992011
551974920
304235602
91438080
32302889
51140869
26156940
10902443
46177591
242922376
26924368
381117643
6193520
169018005
44716739
690706116
3625824
75588961
73083688
83329202
66444907
321703341
19789187
523921391
22067500
110207538
31315168
64034470
481335279
139958870
81830773
35042641
224658522
35186108
71232583
398323688
132683925
13570913
79046318
41087655
314472361
66350926
241692847
288669272
154571875
106170864
994705963
14120248
63426970
43503569
377371010
275880454
84722600
705687934
94602736
638217213
62189526
137774619
83874563
65861851
173913968
28761698
13045826
16058215
76908732
18121763
472879936
114120836
12240384
12560695
13882247
392613399
473154442
345898745
3306764
30117759
82324962
950267905
45116507
336141804
501427831
7345801
462402169
138290126
29300833
308252525
71884192
7430790
7959971
4624834
17267862
68218174
169915278
437745977
62089918
8114885
30399791
136212154
650647080
41236315
29869999
374460950
10783425
15841238
675469680
470905599
567335112
124990335
166606656
482884538
69078475
29715551
47737946
4513931
548201069
46781206
78883279
6813765
35195737
74343422
1125561600
9220052
49556260
152784494
95842328
223133214
11366485
83717569
81086206
10450489
26278604
256105146
8445851
92249970
3152911
33619874
34922394
8871018
522637965
59304741
7543417
19832121
1138828
30202934
166058439
95252779
51793323
90108031
43656844
63930435
2607097
336063794
50225945
47927049
7660323
290485259
102998680
226302615
147353927
63110584
4859709
185715880
293334125
26723393
222098259
257618232
93358207
112363966
125386922
91328223
495971138
31622587
468775426
150216024
414820992
177763286
45560496
123672182
78064339
102296551
455076138
117855159
256469251
10998699
544089696
279790474
17885275
45451511
17805327
10003495
19676207
92128166
134052075
66845229
3885147
473872887
44196166
84534168
389397891
738577144
704600109
8114189
114227554
4529272
31136203
15486722
212994506
92768697
413576310
145684724
93071624
277461248
16828148
10807540
503162894
756422677
19966432
176053519
13795892
43883971
4199968
54690218
269212003
138193898
188987071
173719798
79745824
722513507
334949511
11213528
32680386
100171046
55550633
368384353
471275289
84557704
506593530
512164637
56254305
27236560
52291094
169305999
382300
13461639
13754670
54531791
99323960
24338788
16822597
387750457
108789461
81083724
19532769
7518471
12362063
21011744
367793860
254553687
335296395
20132211
36963633
70296237
32411709
11933091
103626506
51771901
320648685
537444118
97841965
532517
13401853
243205817
417957748
114140823
212454152
83898099
79193442
18998489
218951672
53571853
16284788
294915679
353175837
14141037
22221967
81907488
703151231
7022890
60872220
59726893
10454324
8605415
258576928
41182823
212715588
6074383
413654265
23925400
38809899
29911517
5652497
116940744
173127117
249118494
237965096
29032162
17642898
8004898
30545072
255594960
37586264
34772815
69231395
506962182
121030432
129388809
33715185
24798261
463610582
72331834
14905743
70606627
23053633
76432091
28585870
354323047
418238829
13203504
26678687
39860677
76473504
59200845
48146545
6934950
60293499
11974697
377602711
63727597
7191336
20875314
21778845
21868594
136478044
31227744
94485653
125979015
60471214
53422839
214601240
821994
307659540
767849354
577664709
5749446
59107725
386121216
10082775
14404268
14826241
414938028
17355136
522071617
13634747
315019142
50604778
34102195
142466250
118834412
483281208
294040471
36043878
451021745
10882197
384279248
42706764
21917830
160532326
469407904
383124877
885370982
12337158
671606476
442396
324453950
20410622
7799533
289820931
32050227
124714548
24116524
5519062
31913504
92740822
8420776
68103969
20831313
32511043
827572751
167106137
683923817
8386950
103617920
43321547
517434349
174006630
4981265
605505825
80299936
84096214
96428060
368499362
10857005
492204077
3031748
220800116
61224431
11049365
25790243
210322214
86682491
25792022
57569527
24254503
8156505
67144715
777479204
70609469
460835999
399967866
4124841
109230224
15997483
59485639
140803921
44529079
24219442
423971769
134510374
4271749
668632313
80807762
31294288
1590132
4607563
24820463
6768051
348821484
78679292
81236983
2271199
57824035
221252
70781959
284415062
591321503
33870568
6369049
250000557
10517605
398178176
38644559
492981236
546630301
287136644
42259819
574917517
681793385
130253790
25817979
3508966
424103537
49112629
443946227
305179387
46561955
30731610
134633024
287898179
95369893
551748440
447379329
769811003
225664303
72125310
55762979
859350718
16672626
103129765
88736053
118008432
56273863
33698050
85739738
14905492
225269244
9036003
89842449
93187178
819847117
753866289
8906207
7667607
76121358
742289134
72249434
508559874
38288352
8679796
9927238
17097652
192783702
55012898
102545504
1360410
36950051
296062688
313604827
63249516
27181550
19833907
20746155
23356806
438365829
1643757
50222332
33735360
14288775
16010089
3071347
867773347
7487927
17622733
6647232
259098428
174182
14163994
326847898
24257835
299075403
22312045
291404312
26529924
465160263
21150430
34550543
76383418
584036280
162065155
785985571
649180487
632175164
910989568
92228125
474810469
763339549
37846668
1495938
378001522
206628550
77694787
20415701
24370096
365255648
422299
149823766
344638506
830691983
3630383
164972611
26395131
15639908
69205302
676938
54830816
42127814
49668742
316763857
164223210
96514206
51103572
58458790
21812517
194658740
14297958
591988976
158147621
441207712
13449224
66586675
5056549
36183255
426018604
87551163
88003291
45683566
43213596
26905180
3627397
2435572
284151310
200886179
54703567
260934756
92494011
5164982
418698056
44649212
2741256
31510796
117871172
37879085
585095689
5240352
322876375
180705572
25678988
576878660
453122168
72848725
30985114
491060989
89019920
3998941
41761685
16645189
736389137
766073292
33353636
498745942
450778256
84316344
134860234
59477920
56413023
28337997
79401014
11313920
88257905
144370280
843151039
745944281
69581440
5636474
307822416
678027085
38015422
345430116
21231986
8566354
49487994
13215442
417089920
231718070
42217361
1164326
98753675
370341584
96665087
65219653
443350476
38654353
200068596
449804708
11917116
139784280
199589167
326974225
109696590
37908820
16313389
99330996
44046357
103427970
29144601
27243916
431954858
435654078
630767497
194872246
48358760
11246667
644240739
123306587
26049676
22031842
42609474
67041077
26277967
81324774
10959051
53068647
77345350
150124244
4942374
397658573
44697642
319042006
274058971
26751592
83219147
47484077
21942224
75616325
26949341
24164961
81765352
86830655
386802896
175499
6706168
346597349
890394021
45347
28110841
15166927
19556141
7103108
212548825
58490731
1122655
26794084
189562532
99806942
75588272
98681543
604327960
2098117
79352955
35937555
17805723
17896701
3546649
37179731
635726061
5094803
325344016
155079560
27820506
42717479
36442384
136966597
16597199
519920950
24357582
24335077
1429938
21120288
34658779
52445068
38750685
71416681
66079878
2790818
39125994
576610048
40753649
64478878
202353357
151135479
372658656
38642089
144592325
42848785
130908035
57724517
22478403
170335586
142931400
8677971
7390778
94768064
67230771
13185186
425261354
75383153
271488755
826960958
976015390
15416780
379999894
151573396
48605891
142445067
51689071
534020078
159884319
337181979
960486
230885905
319068046
66603206
330035719
406646005
444096433
4429158
14617418
175017204
24205398
72461373
993785
3104443
35575364
67817098
474531997
68285939
700076916
159745756
7059696
66679844
97828865
64268535
215103958
184710436
32676161
57088281
373225749
28472743
170490609
41626711
49581956
5612405
296785356
91069414
69108374
315032781
588559430
154435245
289877099
10790655
101558712
37862146
25459253
456514545
529840527
27727091
813264797
350001954
517582252
43314313
35791290
412112915
48152184
568937862
261751762
18984353
49853463
473347847
18222550
309758810
97692763
246550411
26445055
357788837
25325757
2382545
552472101
690429
24690334
491669743
360423460
15264709
18563791
412586296
87945151
467073844
14992551
97718892
57510231
29610367
17595475
104868268
374121682
40366628
390544720
10429549
288468465
889765505
40111732
19145760
125795842
96260992
208253519
277318882
357283695
289683816
60170822
190339382
760048314
646938208
198407349
210718663
2529600
477328787
62435544
101592545
124775302
16666677550
292743657
897197440
22738442434
169529780
349762970
8977961177
9073914343
127248333
1470625116
21160155524
1078543577
17966706155
11447626431
19178679460
5496889492
13268536176
679479561
20769979771
653483139
647165687
322135957
2976143197
492034185
441456615
33457258471
425816641
517431832
14236935347
5120399681
647915254
25815568405
184517089
123355480
2372848527
725543493
384527591
17393073073
23940317978
10201283308
11493853920
1127394633
177312466
9204263725
2048463014
10559691370
851344516
825337223
583290039
529699550
14843729536
2424674334
12072147092
15636598149
365624784
332258940
587329257
242043306
12745020248
11009698830
4072988436
627060517
12835259497
8334232068
132961571
9136573920
17821919891
844678428
1224841950
313883301
51094255
293686066
47637037
688061907
132388724
814885923
642959123
523984386
950670706
2252591008
14484899239
943454299
4597850192
65571155
15667223000
94540716
111345220
1002907782
1252835153
20320823504
777403709
27978857283
6572202631
27111436587
171768670
219401133
3908479622
32369644
6099201
82195423
223489857
34789154
70494372343
98913417563
103832666
16846027452
